e:\hq_code\hq_tongliu_2019\hq_tongliu_2019\x64\debug\hq_tongliu_2019.pch
e:\hq_code\hq_tongliu_2019\hq_tongliu_2019\x64\debug\vc141.pdb
e:\hq_code\hq_tongliu_2019\hq_tongliu_2019\x64\debug\vc141.idb
e:\hq_code\hq_tongliu_2019\hq_tongliu_2019\x64\debug\stdafx.obj
e:\hq_code\hq_tongliu_2019\hq_tongliu_2019\x64\debug\acrxentrypoint.obj
e:\hq_code\hq_tongliu_2019\hq_tongliu_2019\x64\debug\basicexcel.obj
e:\hq_code\hq_tongliu_2019\hq_tongliu_2019\x64\debug\docdata.obj
e:\hq_code\hq_tongliu_2019\hq_tongliu_2019\x64\debug\func.obj
e:\hq_code\hq_tongliu_2019\hq_tongliu_2019\x64\debug\hq_tongliu_2019.obj
e:\hq_code\hq_tongliu_2019\hq_tongliu_2019\x64\debug\maindata.obj
e:\hq_code\hq_tongliu_2019\hq_tongliu_2019\x64\debug\tinystr.obj
e:\hq_code\hq_tongliu_2019\hq_tongliu_2019\x64\debug\tinyxml.obj
e:\hq_code\hq_tongliu_2019\hq_tongliu_2019\x64\debug\tinyxmlerror.obj
e:\hq_code\hq_tongliu_2019\hq_tongliu_2019\x64\debug\tinyxmlparser.obj
e:\hq_code\hq_tongliu_2019\hq_tongliu_2019\x64\debug\hq_tongliu_2019.lib
e:\hq_code\hq_tongliu_2019\hq_tongliu_2019\x64\debug\hq_tongliu_2019.exp
e:\hq_code\hq_tongliu_2019\x64\debug\hq_tongliu_2019.arx
e:\hq_code\hq_tongliu_2019\x64\debug\hq_tongliu_2019.pdb
e:\hq_code\hq_tongliu_2019\hq_tongliu_2019\x64\debug\hq_tongliu_2019.res
e:\hq_code\hq_tongliu_2019\hq_tongliu_2019\x64\debug\hq_tongliu_2019.tlog\cl.command.1.tlog
e:\hq_code\hq_tongliu_2019\hq_tongliu_2019\x64\debug\hq_tongliu_2019.tlog\cl.read.1.tlog
e:\hq_code\hq_tongliu_2019\hq_tongliu_2019\x64\debug\hq_tongliu_2019.tlog\cl.write.1.tlog
e:\hq_code\hq_tongliu_2019\hq_tongliu_2019\x64\debug\hq_tongliu_2019.tlog\hq_tongliu_2019.write.1u.tlog
e:\hq_code\hq_tongliu_2019\hq_tongliu_2019\x64\debug\hq_tongliu_2019.tlog\link.command.1.tlog
e:\hq_code\hq_tongliu_2019\hq_tongliu_2019\x64\debug\hq_tongliu_2019.tlog\link.read.1.tlog
e:\hq_code\hq_tongliu_2019\hq_tongliu_2019\x64\debug\hq_tongliu_2019.tlog\link.write.1.tlog
e:\hq_code\hq_tongliu_2019\hq_tongliu_2019\x64\debug\hq_tongliu_2019.tlog\rc.command.1.tlog
e:\hq_code\hq_tongliu_2019\hq_tongliu_2019\x64\debug\hq_tongliu_2019.tlog\rc.read.1.tlog
e:\hq_code\hq_tongliu_2019\hq_tongliu_2019\x64\debug\hq_tongliu_2019.tlog\rc.write.1.tlog
